<?xml version="1.0" encoding="UTF-8"?>
<!-- Generated by org.testng.reporters.JUnitXMLReporter -->
<testsuite ignored="2" hostname="TYSS-Chaithra" failures="1" tests="2" name="Test" time="21.456" errors="0" timestamp="2024-11-06T20:45:48 IST">
  <testcase classname="products.RemoveProductTest" name="sample" time="0.021"/>
  <testcase classname="products.AddProductToCartTest" name="tc_001_AddSingleProductToCartTest" time="3.294">
    <failure type="java.lang.AssertionError" message="null">
      <![CDATA[java.lang.AssertionError: null
at products.AddProductToCartTest.tc_001_AddSingleProductToCartTest(AddProductToCartTest.java:43)
at java.base/java.util.ArrayList.forEach(ArrayList.java:1541)
... Removed 29 stack frames]]>
    </failure>
  </testcase> <!-- tc_001_AddSingleProductToCartTest -->
  <testcase classname="genericUtilities.BaseClass" name="@BeforeSuite bsConfig" time="0.0">
    <ignored/>
  </testcase> <!-- @BeforeSuite bsConfig -->
  <testcase classname="genericUtilities.BaseClass" name="@AfterSuite asConfig" time="0.0">
    <ignored/>
  </testcase> <!-- @AfterSuite asConfig -->
</testsuite> <!-- Test -->
